<?xml version="1.0" encoding="UTF-8"?>
<!DOCTYPE mapper
        PUBLIC "-//mybatis.org//DTD Mapper 3.0//EN"
        "http://mybatis.org/dtd/mybatis-3-mapper.dtd">
<mapper namespace="testMapper">
    <select id="selectData">
        SELECT * FROM inputdata;
    </select>
    <insert id="insertTestData">
      INSERT INTO userdata(user_id,user_password,create_date,update_date)
      VALUES('test1','test2',NOW(),NOW());
    </insert>
</mapper>
